Determining if the pthread_create exist failed with the following output:
Change Dir: /home/pi/Documents/robomagellan/catkin_GIT/build/CMakeFiles/CMakeTmp

Run Build Command:"/usr/bin/make" "cmTryCompileExec1452356359/fast"
/usr/bin/make -f CMakeFiles/cmTryCompileExec1452356359.dir/build.make CMakeFiles/cmTryCompileExec1452356359.dir/build
make[1]: Entering directory '/home/pi/Documents/robomagellan/catkin_GIT/build/CMakeFiles/CMakeTmp'
/usr/bin/cmake -E cmake_progress_report /home/pi/Documents/robomagellan/catkin_GIT/build/CMakeFiles/CMakeTmp/CMakeFiles 1
Building C object CMakeFiles/cmTryCompileExec1452356359.dir/CheckSymbolExists.c.o
/usr/bin/cc    -o CMakeFiles/cmTryCompileExec1452356359.dir/CheckSymbolExists.c.o   -c /home/pi/Documents/robomagellan/catkin_GIT/build/CMakeFiles/CMakeTmp/CheckSymbolExists.c
Linking C executable cmTryCompileExec1452356359
/usr/bin/cmake -E cmake_link_script CMakeFiles/cmTryCompileExec1452356359.dir/link.txt --verbose=1
/usr/bin/cc       CMakeFiles/cmTryCompileExec1452356359.dir/CheckSymbolExists.c.o  -o cmTryCompileExec1452356359 -rdynamic 
CMakeFiles/cmTryCompileExec1452356359.dir/CheckSymbolExists.c.o: In function `main':
CheckSymbolExists.c:(.text+0x38): undefined reference to `pthread_create'
collect2: error: ld returned 1 exit status
CMakeFiles/cmTryCompileExec1452356359.dir/build.make:88: recipe for target 'cmTryCompileExec1452356359' failed
make[1]: *** [cmTryCompileExec1452356359] Error 1
make[1]: Leaving directory '/home/pi/Documents/robomagellan/catkin_GIT/build/CMakeFiles/CMakeTmp'
Makefile:118: recipe for target 'cmTryCompileExec1452356359/fast' failed
make: *** [cmTryCompileExec1452356359/fast] Error 2

File /home/pi/Documents/robomagellan/catkin_GIT/build/CMakeFiles/CMakeTmp/CheckSymbolExists.c:
/* */
#include <pthread.h>

int main(int argc, char** argv)
{
  (void)argv;
#ifndef pthread_create
  return ((int*)(&pthread_create))[argc];
#else
  (void)argc;
  return 0;
#endif
}

Determining if the function pthread_create exists in the pthreads failed with the following output:
Change Dir: /home/pi/Documents/robomagellan/catkin_GIT/build/CMakeFiles/CMakeTmp

Run Build Command:"/usr/bin/make" "cmTryCompileExec1853254394/fast"
/usr/bin/make -f CMakeFiles/cmTryCompileExec1853254394.dir/build.make CMakeFiles/cmTryCompileExec1853254394.dir/build
make[1]: Entering directory '/home/pi/Documents/robomagellan/catkin_GIT/build/CMakeFiles/CMakeTmp'
/usr/bin/cmake -E cmake_progress_report /home/pi/Documents/robomagellan/catkin_GIT/build/CMakeFiles/CMakeTmp/CMakeFiles 1
Building C object CMakeFiles/cmTryCompileExec1853254394.dir/CheckFunctionExists.c.o
/usr/bin/cc   -DCHECK_FUNCTION_EXISTS=pthread_create   -o CMakeFiles/cmTryCompileExec1853254394.dir/CheckFunctionExists.c.o   -c /usr/share/cmake-3.0/Modules/CheckFunctionExists.c
Linking C executable cmTryCompileExec1853254394
/usr/bin/cmake -E cmake_link_script CMakeFiles/cmTryCompileExec1853254394.dir/link.txt --verbose=1
/usr/bin/cc   -DCHECK_FUNCTION_EXISTS=pthread_create    CMakeFiles/cmTryCompileExec1853254394.dir/CheckFunctionExists.c.o  -o cmTryCompileExec1853254394 -rdynamic -lpthreads 
/usr/bin/ld: cannot find -lpthreads
collect2: error: ld returned 1 exit status
CMakeFiles/cmTryCompileExec1853254394.dir/build.make:88: recipe for target 'cmTryCompileExec1853254394' failed
make[1]: *** [cmTryCompileExec1853254394] Error 1
make[1]: Leaving directory '/home/pi/Documents/robomagellan/catkin_GIT/build/CMakeFiles/CMakeTmp'
Makefile:118: recipe for target 'cmTryCompileExec1853254394/fast' failed
make: *** [cmTryCompileExec1853254394/fast] Error 2


