Determining if the pthread_create exist failed with the following output:
Change Dir: /home/pi/Documents/robomagellan/Codigos/Raspberry/ROS/catkin_camila/build/CMakeFiles/CMakeTmp

Run Build Command:"/usr/bin/make" "cmTryCompileExec105427641/fast"
/usr/bin/make -f CMakeFiles/cmTryCompileExec105427641.dir/build.make CMakeFiles/cmTryCompileExec105427641.dir/build
make[1]: Entering directory '/home/pi/Documents/robomagellan/Codigos/Raspberry/ROS/catkin_camila/build/CMakeFiles/CMakeTmp'
/usr/bin/cmake -E cmake_progress_report /home/pi/Documents/robomagellan/Codigos/Raspberry/ROS/catkin_camila/build/CMakeFiles/CMakeTmp/CMakeFiles 1
Building C object CMakeFiles/cmTryCompileExec105427641.dir/CheckSymbolExists.c.o
/usr/bin/cc    -o CMakeFiles/cmTryCompileExec105427641.dir/CheckSymbolExists.c.o   -c /home/pi/Documents/robomagellan/Codigos/Raspberry/ROS/catkin_camila/build/CMakeFiles/CMakeTmp/CheckSymbolExists.c
Linking C executable cmTryCompileExec105427641
/usr/bin/cmake -E cmake_link_script CMakeFiles/cmTryCompileExec105427641.dir/link.txt --verbose=1
/usr/bin/cc       CMakeFiles/cmTryCompileExec105427641.dir/CheckSymbolExists.c.o  -o cmTryCompileExec105427641 -rdynamic 
CMakeFiles/cmTryCompileExec105427641.dir/CheckSymbolExists.c.o: In function `main':
CheckSymbolExists.c:(.text+0x38): undefined reference to `pthread_create'
collect2: error: ld returned 1 exit status
CMakeFiles/cmTryCompileExec105427641.dir/build.make:88: recipe for target 'cmTryCompileExec105427641' failed
make[1]: *** [cmTryCompileExec105427641] Error 1
make[1]: Leaving directory '/home/pi/Documents/robomagellan/Codigos/Raspberry/ROS/catkin_camila/build/CMakeFiles/CMakeTmp'
Makefile:118: recipe for target 'cmTryCompileExec105427641/fast' failed
make: *** [cmTryCompileExec105427641/fast] Error 2

File /home/pi/Documents/robomagellan/Codigos/Raspberry/ROS/catkin_camila/build/CMakeFiles/CMakeTmp/CheckSymbolExists.c:
/* */
#include <pthread.h>

int main(int argc, char** argv)
{
  (void)argv;
#ifndef pthread_create
  return ((int*)(&pthread_create))[argc];
#else
  (void)argc;
  return 0;
#endif
}

Determining if the function pthread_create exists in the pthreads failed with the following output:
Change Dir: /home/pi/Documents/robomagellan/Codigos/Raspberry/ROS/catkin_camila/build/CMakeFiles/CMakeTmp

Run Build Command:"/usr/bin/make" "cmTryCompileExec2718751273/fast"
/usr/bin/make -f CMakeFiles/cmTryCompileExec2718751273.dir/build.make CMakeFiles/cmTryCompileExec2718751273.dir/build
make[1]: Entering directory '/home/pi/Documents/robomagellan/Codigos/Raspberry/ROS/catkin_camila/build/CMakeFiles/CMakeTmp'
/usr/bin/cmake -E cmake_progress_report /home/pi/Documents/robomagellan/Codigos/Raspberry/ROS/catkin_camila/build/CMakeFiles/CMakeTmp/CMakeFiles 1
Building C object CMakeFiles/cmTryCompileExec2718751273.dir/CheckFunctionExists.c.o
/usr/bin/cc   -DCHECK_FUNCTION_EXISTS=pthread_create   -o CMakeFiles/cmTryCompileExec2718751273.dir/CheckFunctionExists.c.o   -c /usr/share/cmake-3.0/Modules/CheckFunctionExists.c
Linking C executable cmTryCompileExec2718751273
/usr/bin/cmake -E cmake_link_script CMakeFiles/cmTryCompileExec2718751273.dir/link.txt --verbose=1
/usr/bin/cc   -DCHECK_FUNCTION_EXISTS=pthread_create    CMakeFiles/cmTryCompileExec2718751273.dir/CheckFunctionExists.c.o  -o cmTryCompileExec2718751273 -rdynamic -lpthreads 
/usr/bin/ld: cannot find -lpthreads
collect2: error: ld returned 1 exit status
CMakeFiles/cmTryCompileExec2718751273.dir/build.make:88: recipe for target 'cmTryCompileExec2718751273' failed
make[1]: *** [cmTryCompileExec2718751273] Error 1
make[1]: Leaving directory '/home/pi/Documents/robomagellan/Codigos/Raspberry/ROS/catkin_camila/build/CMakeFiles/CMakeTmp'
Makefile:118: recipe for target 'cmTryCompileExec2718751273/fast' failed
make: *** [cmTryCompileExec2718751273/fast] Error 2


