Determining if the pthread_create exist failed with the following output:
Change Dir: /home/pi/Documents/robomagellan/Codigos/Raspberry/ROS/catkin_BUZZ/build/CMakeFiles/CMakeTmp

Run Build Command:"/usr/bin/make" "cmTryCompileExec2051714370/fast"
/usr/bin/make -f CMakeFiles/cmTryCompileExec2051714370.dir/build.make CMakeFiles/cmTryCompileExec2051714370.dir/build
make[1]: Entering directory '/home/pi/Documents/robomagellan/Codigos/Raspberry/ROS/catkin_BUZZ/build/CMakeFiles/CMakeTmp'
/usr/bin/cmake -E cmake_progress_report /home/pi/Documents/robomagellan/Codigos/Raspberry/ROS/catkin_BUZZ/build/CMakeFiles/CMakeTmp/CMakeFiles 1
Building C object CMakeFiles/cmTryCompileExec2051714370.dir/CheckSymbolExists.c.o
/usr/bin/cc    -o CMakeFiles/cmTryCompileExec2051714370.dir/CheckSymbolExists.c.o   -c /home/pi/Documents/robomagellan/Codigos/Raspberry/ROS/catkin_BUZZ/build/CMakeFiles/CMakeTmp/CheckSymbolExists.c
Linking C executable cmTryCompileExec2051714370
/usr/bin/cmake -E cmake_link_script CMakeFiles/cmTryCompileExec2051714370.dir/link.txt --verbose=1
/usr/bin/cc       CMakeFiles/cmTryCompileExec2051714370.dir/CheckSymbolExists.c.o  -o cmTryCompileExec2051714370 -rdynamic 
CMakeFiles/cmTryCompileExec2051714370.dir/CheckSymbolExists.c.o: In function `main':
CheckSymbolExists.c:(.text+0x38): undefined reference to `pthread_create'
collect2: error: ld returned 1 exit status
CMakeFiles/cmTryCompileExec2051714370.dir/build.make:88: recipe for target 'cmTryCompileExec2051714370' failed
make[1]: *** [cmTryCompileExec2051714370] Error 1
make[1]: Leaving directory '/home/pi/Documents/robomagellan/Codigos/Raspberry/ROS/catkin_BUZZ/build/CMakeFiles/CMakeTmp'
Makefile:118: recipe for target 'cmTryCompileExec2051714370/fast' failed
make: *** [cmTryCompileExec2051714370/fast] Error 2

File /home/pi/Documents/robomagellan/Codigos/Raspberry/ROS/catkin_BUZZ/build/CMakeFiles/CMakeTmp/CheckSymbolExists.c:
/* */
#include <pthread.h>

int main(int argc, char** argv)
{
  (void)argv;
#ifndef pthread_create
  return ((int*)(&pthread_create))[argc];
#else
  (void)argc;
  return 0;
#endif
}

Determining if the function pthread_create exists in the pthreads failed with the following output:
Change Dir: /home/pi/Documents/robomagellan/Codigos/Raspberry/ROS/catkin_BUZZ/build/CMakeFiles/CMakeTmp

Run Build Command:"/usr/bin/make" "cmTryCompileExec777755366/fast"
/usr/bin/make -f CMakeFiles/cmTryCompileExec777755366.dir/build.make CMakeFiles/cmTryCompileExec777755366.dir/build
make[1]: Entering directory '/home/pi/Documents/robomagellan/Codigos/Raspberry/ROS/catkin_BUZZ/build/CMakeFiles/CMakeTmp'
/usr/bin/cmake -E cmake_progress_report /home/pi/Documents/robomagellan/Codigos/Raspberry/ROS/catkin_BUZZ/build/CMakeFiles/CMakeTmp/CMakeFiles 1
Building C object CMakeFiles/cmTryCompileExec777755366.dir/CheckFunctionExists.c.o
/usr/bin/cc   -DCHECK_FUNCTION_EXISTS=pthread_create   -o CMakeFiles/cmTryCompileExec777755366.dir/CheckFunctionExists.c.o   -c /usr/share/cmake-3.0/Modules/CheckFunctionExists.c
Linking C executable cmTryCompileExec777755366
/usr/bin/cmake -E cmake_link_script CMakeFiles/cmTryCompileExec777755366.dir/link.txt --verbose=1
/usr/bin/cc   -DCHECK_FUNCTION_EXISTS=pthread_create    CMakeFiles/cmTryCompileExec777755366.dir/CheckFunctionExists.c.o  -o cmTryCompileExec777755366 -rdynamic -lpthreads 
/usr/bin/ld: cannot find -lpthreads
collect2: error: ld returned 1 exit status
CMakeFiles/cmTryCompileExec777755366.dir/build.make:88: recipe for target 'cmTryCompileExec777755366' failed
make[1]: *** [cmTryCompileExec777755366] Error 1
make[1]: Leaving directory '/home/pi/Documents/robomagellan/Codigos/Raspberry/ROS/catkin_BUZZ/build/CMakeFiles/CMakeTmp'
Makefile:118: recipe for target 'cmTryCompileExec777755366/fast' failed
make: *** [cmTryCompileExec777755366/fast] Error 2


