Determining if the pthread_create exist failed with the following output:
Change Dir: /home/leticia/catkin_Leticia/build/CMakeFiles/CMakeTmp

Run Build Command:/usr/bin/make "cmTryCompileExec1446864709/fast"
/usr/bin/make -f CMakeFiles/cmTryCompileExec1446864709.dir/build.make CMakeFiles/cmTryCompileExec1446864709.dir/build
make[1]: Entrando no diretório `/home/leticia/catkin_Leticia/build/CMakeFiles/CMakeTmp'
/usr/bin/cmake -E cmake_progress_report /home/leticia/catkin_Leticia/build/CMakeFiles/CMakeTmp/CMakeFiles 1
Building C object CMakeFiles/cmTryCompileExec1446864709.dir/CheckSymbolExists.c.o
/usr/bin/cc    -o CMakeFiles/cmTryCompileExec1446864709.dir/CheckSymbolExists.c.o   -c /home/leticia/catkin_Leticia/build/CMakeFiles/CMakeTmp/CheckSymbolExists.c
Linking C executable cmTryCompileExec1446864709
/usr/bin/cmake -E cmake_link_script CMakeFiles/cmTryCompileExec1446864709.dir/link.txt --verbose=1
/usr/bin/cc       CMakeFiles/cmTryCompileExec1446864709.dir/CheckSymbolExists.c.o  -o cmTryCompileExec1446864709 -rdynamic 
CMakeFiles/cmTryCompileExec1446864709.dir/CheckSymbolExists.c.o: na função `main':
CheckSymbolExists.c:(.text+0x16): referência indefinida para `pthread_create'
collect2: error: ld returned 1 exit status
make[1]: ** [cmTryCompileExec1446864709] Erro 1
make[1]: Saindo do diretório `/home/leticia/catkin_Leticia/build/CMakeFiles/CMakeTmp'
make: ** [cmTryCompileExec1446864709/fast] Erro 2

File /home/leticia/catkin_Leticia/build/CMakeFiles/CMakeTmp/CheckSymbolExists.c:
/* */
#include <pthread.h>

int main(int argc, char** argv)
{
  (void)argv;
#ifndef pthread_create
  return ((int*)(&pthread_create))[argc];
#else
  (void)argc;
  return 0;
#endif
}

Determining if the function pthread_create exists in the pthreads failed with the following output:
Change Dir: /home/leticia/catkin_Leticia/build/CMakeFiles/CMakeTmp

Run Build Command:/usr/bin/make "cmTryCompileExec1649137787/fast"
/usr/bin/make -f CMakeFiles/cmTryCompileExec1649137787.dir/build.make CMakeFiles/cmTryCompileExec1649137787.dir/build
make[1]: Entrando no diretório `/home/leticia/catkin_Leticia/build/CMakeFiles/CMakeTmp'
/usr/bin/cmake -E cmake_progress_report /home/leticia/catkin_Leticia/build/CMakeFiles/CMakeTmp/CMakeFiles 1
Building C object CMakeFiles/cmTryCompileExec1649137787.dir/CheckFunctionExists.c.o
/usr/bin/cc   -DCHECK_FUNCTION_EXISTS=pthread_create   -o CMakeFiles/cmTryCompileExec1649137787.dir/CheckFunctionExists.c.o   -c /usr/share/cmake-2.8/Modules/CheckFunctionExists.c
Linking C executable cmTryCompileExec1649137787
/usr/bin/cmake -E cmake_link_script CMakeFiles/cmTryCompileExec1649137787.dir/link.txt --verbose=1
/usr/bin/cc   -DCHECK_FUNCTION_EXISTS=pthread_create    CMakeFiles/cmTryCompileExec1649137787.dir/CheckFunctionExists.c.o  -o cmTryCompileExec1649137787 -rdynamic -lpthreads 
/usr/bin/ld: não foi possível encontrar -lpthreads
collect2: error: ld returned 1 exit status
make[1]: ** [cmTryCompileExec1649137787] Erro 1
make[1]: Saindo do diretório `/home/leticia/catkin_Leticia/build/CMakeFiles/CMakeTmp'
make: ** [cmTryCompileExec1649137787/fast] Erro 2


